app/build/intermediates/manifest_merge_blame_file/debug/manifest-merger-blame-debug-report.txt
1<?xml version="1.0" encoding="utf-8"?>
2<manifest xmlns:android="http://schemas.android.com/apk/res/android"
3    package="com.example.myapplication"
4    android:versionCode="1"
5    android:versionName="1.0" >
6
7    <uses-sdk
8        android:minSdkVersion="21"
8-->src\main\AndroidManifest.xml
9        android:targetSdkVersion="31" />
9-->src\main\AndroidManifest.xml
10
11    <application
11-->src\main\AndroidManifest.xml:5:5-51:19
12        android:allowBackup="true"
12-->src\main\AndroidManifest.xml:6:9-35
13        android:appComponentFactory="androidx.core.app.CoreComponentFactory"
13-->[androidx.core:core:1.3.1] AndroidManifest.xml:24:18-86
14        android:debuggable="true"
15        android:icon="@mipmap/ic_launcher"
15-->src\main\AndroidManifest.xml:7:9-43
16        android:label="@string/app_name"
16-->src\main\AndroidManifest.xml:8:9-41
17        android:roundIcon="@mipmap/ic_launcher_round"
17-->src\main\AndroidManifest.xml:9:9-54
18        android:supportsRtl="true"
18-->src\main\AndroidManifest.xml:10:9-35
19        android:testOnly="true"
20        android:theme="@style/Theme.MyApplication" >
20-->src\main\AndroidManifest.xml:11:9-51
21        <activity
21-->src\main\AndroidManifest.xml:12:9-14:40
22            android:name="com.example.myapplication.Edit_Food_Activity"
22-->src\main\AndroidManifest.xml:13:13-47
23            android:exported="false" />
23-->src\main\AndroidManifest.xml:14:13-37
24        <activity
24-->src\main\AndroidManifest.xml:15:9-17:40
25            android:name="com.example.myapplication.Food_List_Activity"
25-->src\main\AndroidManifest.xml:16:13-47
26            android:exported="false" />
26-->src\main\AndroidManifest.xml:17:13-37
27        <activity
27-->src\main\AndroidManifest.xml:18:9-20:40
28            android:name="com.example.myapplication.Add_food_details_Activity"
28-->src\main\AndroidManifest.xml:19:13-54
29            android:exported="false" />
29-->src\main\AndroidManifest.xml:20:13-37
30        <activity
30-->src\main\AndroidManifest.xml:21:9-23:40
31            android:name="com.example.myapplication.record_Activity"
31-->src\main\AndroidManifest.xml:22:13-44
32            android:exported="false" />
32-->src\main\AndroidManifest.xml:23:13-37
33        <activity
33-->src\main\AndroidManifest.xml:24:9-26:40
34            android:name="com.example.myapplication.home_Activity22"
34-->src\main\AndroidManifest.xml:25:13-44
35            android:exported="false" />
35-->src\main\AndroidManifest.xml:26:13-37
36        <activity
36-->src\main\AndroidManifest.xml:27:9-29:40
37            android:name="com.example.myapplication.rounded_rectangle"
37-->src\main\AndroidManifest.xml:28:13-46
38            android:exported="false" />
38-->src\main\AndroidManifest.xml:29:13-37
39        <activity
39-->src\main\AndroidManifest.xml:30:9-32:40
40            android:name="com.example.myapplication.homeActivity2"
40-->src\main\AndroidManifest.xml:31:13-42
41            android:exported="false" />
41-->src\main\AndroidManifest.xml:32:13-37
42        <activity
42-->src\main\AndroidManifest.xml:33:9-35:40
43            android:name="com.example.myapplication.completinformation"
43-->src\main\AndroidManifest.xml:34:13-47
44            android:exported="false" />
44-->src\main\AndroidManifest.xml:35:13-37
45        <activity
45-->src\main\AndroidManifest.xml:36:9-38:40
46            android:name="com.example.myapplication.Registration"
46-->src\main\AndroidManifest.xml:37:13-41
47            android:exported="false" />
47-->src\main\AndroidManifest.xml:38:13-37
48        <activity
48-->src\main\AndroidManifest.xml:39:9-41:40
49            android:name="com.example.myapplication.login"
49-->src\main\AndroidManifest.xml:40:13-34
50            android:exported="false" />
50-->src\main\AndroidManifest.xml:41:13-37
51        <activity
51-->src\main\AndroidManifest.xml:42:9-50:20
52            android:name="com.example.myapplication.MainActivity"
52-->src\main\AndroidManifest.xml:43:13-41
53            android:exported="true" >
53-->src\main\AndroidManifest.xml:44:13-36
54            <intent-filter>
54-->src\main\AndroidManifest.xml:45:13-49:29
55                <action android:name="android.intent.action.MAIN" />
55-->src\main\AndroidManifest.xml:46:17-69
55-->src\main\AndroidManifest.xml:46:25-66
56
57                <category android:name="android.intent.category.LAUNCHER" />
57-->src\main\AndroidManifest.xml:48:17-77
57-->src\main\AndroidManifest.xml:48:27-74
58            </intent-filter>
59        </activity>
60    </application>
61
62</manifest>